[debug] [2021-11-25T04:40:08.935Z] ----------------------------------------------------------------------
[debug] [2021-11-25T04:40:08.937Z] Command:       /usr/local/bin/firebase /home/tgodkev/.cache/firebase/tools/lib/node_modules/firebase-tools/lib/bin/firebase init
[debug] [2021-11-25T04:40:08.937Z] CLI Version:   9.23.0
[debug] [2021-11-25T04:40:08.937Z] Platform:      linux
[debug] [2021-11-25T04:40:08.937Z] Node Version:  v12.18.1
[debug] [2021-11-25T04:40:08.938Z] Time:          Wed Nov 24 2021 23:40:08 GMT-0500 (Eastern Standard Time)
[debug] [2021-11-25T04:40:08.938Z] ----------------------------------------------------------------------
[debug] 
[debug] [2021-11-25T04:40:08.941Z] > command requires scopes: ["email","openid","https://www.googleapis.com/auth/cloudplatformprojects.readonly","https://www.googleapis.com/auth/firebase","https://www.googleapis.com/auth/cloud-platform"]
[debug] [2021-11-25T04:40:08.941Z] > authorizing via signed-in user (tgodkev@gmail.com)
[info] 
     ######## #### ########  ######## ########     ###     ######  ########
     ##        ##  ##     ## ##       ##     ##  ##   ##  ##       ##
     ######    ##  ########  ######   ########  #########  ######  ######
     ##        ##  ##    ##  ##       ##     ## ##     ##       ## ##
     ##       #### ##     ## ######## ########  ##     ##  ######  ########

You're about to initialize a Firebase project in this directory:

  /home/tgodkev/keeper-app

[info] 
=== Project Setup
[info] 
[info] First, let's associate this project directory with a Firebase project.
[info] You can create multiple project aliases by running firebase use --add, 
[info] but for now we'll just set up a default project.
[info] 
[debug] [2021-11-25T04:40:50.318Z] >>> [apiv2][query] GET https://firebase.googleapis.com/v1beta1/projects pageSize=100
[debug] [2021-11-25T04:40:50.670Z] <<< [apiv2][status] GET https://firebase.googleapis.com/v1beta1/projects 200
[debug] [2021-11-25T04:40:50.671Z] <<< [apiv2][body] GET https://firebase.googleapis.com/v1beta1/projects [omitted]
[info] i  Using project keeper-app-298b4 (Keeper-app) 
[info] 
=== Database Setup
[info] i  database: ensuring required API firebasedatabase.googleapis.com is enabled... 
[debug] [2021-11-25T04:40:52.207Z] > refreshing access token with scopes: ["email","https://www.googleapis.com/auth/cloud-platform","https://www.googleapis.com/auth/cloudplatformprojects.readonly","https://www.googleapis.com/auth/firebase","openid"]
[debug] [2021-11-25T04:40:52.208Z] >>> HTTP REQUEST POST https://www.googleapis.com/oauth2/v3/token  
 <request body omitted>
[debug] [2021-11-25T04:40:52.359Z] <<< HTTP RESPONSE 200 {"cache-control":"no-cache, no-store, max-age=0, must-revalidate","pragma":"no-cache","expires":"Mon, 01 Jan 1990 00:00:00 GMT","date":"Thu, 25 Nov 2021 04:40:52 GMT","content-type":"application/json; charset=utf-8","vary":"X-Origin, Referer, Origin,Accept-Encoding","server":"scaffolding on HTTPServer2","x-xss-protection":"0","x-frame-options":"SAMEORIGIN","x-content-type-options":"nosniff","alt-svc":"h3=\":443\"; ma=2592000,h3-29=\":443\"; ma=2592000,h3-Q050=\":443\"; ma=2592000,h3-Q046=\":443\"; ma=2592000,h3-Q043=\":443\"; ma=2592000,quic=\":443\"; ma=2592000; v=\"46,43\"","accept-ranges":"none","transfer-encoding":"chunked"}
[debug] [2021-11-25T04:40:52.445Z] >>> HTTP REQUEST GET https://serviceusage.googleapis.com/v1/projects/keeper-app-298b4/services/firebasedatabase.googleapis.com  
 
[debug] [2021-11-25T04:40:52.749Z] <<< HTTP RESPONSE 200 {"content-type":"application/json; charset=UTF-8","vary":"X-Origin, Referer, Origin,Accept-Encoding","date":"Thu, 25 Nov 2021 04:40:52 GMT","server":"ESF","cache-control":"private","x-xss-protection":"0","x-frame-options":"SAMEORIGIN","x-content-type-options":"nosniff","alt-svc":"h3=\":443\"; ma=2592000,h3-29=\":443\"; ma=2592000,h3-Q050=\":443\"; ma=2592000,h3-Q046=\":443\"; ma=2592000,h3-Q043=\":443\"; ma=2592000,quic=\":443\"; ma=2592000; v=\"46,43\"","accept-ranges":"none","transfer-encoding":"chunked"}
[warn] ⚠  database: missing required API firebasedatabase.googleapis.com. Enabling now... 
[debug] [2021-11-25T04:40:52.752Z] >>> HTTP REQUEST POST https://serviceusage.googleapis.com/v1/projects/keeper-app-298b4/services/firebasedatabase.googleapis.com:enable  
 
[debug] [2021-11-25T04:40:53.293Z] <<< HTTP RESPONSE 200 {"content-type":"application/json; charset=UTF-8","vary":"X-Origin, Referer, Origin,Accept-Encoding","date":"Thu, 25 Nov 2021 04:40:53 GMT","server":"ESF","cache-control":"private","x-xss-protection":"0","x-frame-options":"SAMEORIGIN","x-content-type-options":"nosniff","alt-svc":"h3=\":443\"; ma=2592000,h3-29=\":443\"; ma=2592000,h3-Q050=\":443\"; ma=2592000,h3-Q046=\":443\"; ma=2592000,h3-Q043=\":443\"; ma=2592000,quic=\":443\"; ma=2592000; v=\"46,43\"","accept-ranges":"none","transfer-encoding":"chunked"}
[debug] [2021-11-25T04:41:03.306Z] >>> HTTP REQUEST GET https://serviceusage.googleapis.com/v1/projects/keeper-app-298b4/services/firebasedatabase.googleapis.com  
 
[debug] [2021-11-25T04:41:03.555Z] <<< HTTP RESPONSE 200 {"content-type":"application/json; charset=UTF-8","vary":"X-Origin, Referer, Origin,Accept-Encoding","date":"Thu, 25 Nov 2021 04:41:03 GMT","server":"ESF","cache-control":"private","x-xss-protection":"0","x-frame-options":"SAMEORIGIN","x-content-type-options":"nosniff","alt-svc":"h3=\":443\"; ma=2592000,h3-29=\":443\"; ma=2592000,h3-Q050=\":443\"; ma=2592000,h3-Q046=\":443\"; ma=2592000,h3-Q043=\":443\"; ma=2592000,quic=\":443\"; ma=2592000; v=\"46,43\"","accept-ranges":"none","transfer-encoding":"chunked"}
[info] ✔  database: required API firebasedatabase.googleapis.com is enabled 
[info] 
[debug] [2021-11-25T04:41:03.562Z] > refreshing access token with scopes: []
[debug] [2021-11-25T04:41:03.563Z] >>> HTTP REQUEST POST https://www.googleapis.com/oauth2/v3/token  
 <request body omitted>
[debug] [2021-11-25T04:41:03.686Z] <<< HTTP RESPONSE 200 {"cache-control":"no-cache, no-store, max-age=0, must-revalidate","pragma":"no-cache","date":"Thu, 25 Nov 2021 04:41:03 GMT","expires":"Mon, 01 Jan 1990 00:00:00 GMT","content-type":"application/json; charset=utf-8","vary":"X-Origin, Referer, Origin,Accept-Encoding","server":"scaffolding on HTTPServer2","x-xss-protection":"0","x-frame-options":"SAMEORIGIN","x-content-type-options":"nosniff","alt-svc":"h3=\":443\"; ma=2592000,h3-29=\":443\"; ma=2592000,h3-Q050=\":443\"; ma=2592000,h3-Q046=\":443\"; ma=2592000,h3-Q043=\":443\"; ma=2592000,quic=\":443\"; ma=2592000; v=\"46,43\"","accept-ranges":"none","transfer-encoding":"chunked"}
[debug] [2021-11-25T04:41:03.763Z] >>> [apiv2][query] GET https://firebase.googleapis.com/v1beta1/projects/keeper-app-298b4 [none]
[debug] [2021-11-25T04:41:04.450Z] <<< [apiv2][status] GET https://firebase.googleapis.com/v1beta1/projects/keeper-app-298b4 200
[debug] [2021-11-25T04:41:04.451Z] <<< [apiv2][body] GET https://firebase.googleapis.com/v1beta1/projects/keeper-app-298b4 {"projectId":"keeper-app-298b4","projectNumber":"270412996852","displayName":"Keeper-app","name":"projects/keeper-app-298b4","resources":{"hostingSite":"keeper-app-298b4"},"state":"ACTIVE"}
[debug] [2021-11-25T04:41:13.499Z] > refreshing access token with scopes: ["email","https://www.googleapis.com/auth/cloud-platform","https://www.googleapis.com/auth/cloudplatformprojects.readonly","https://www.googleapis.com/auth/firebase","openid"]
[debug] [2021-11-25T04:41:13.500Z] >>> HTTP REQUEST POST https://www.googleapis.com/oauth2/v3/token  
 <request body omitted>
[debug] [2021-11-25T04:41:13.630Z] <<< HTTP RESPONSE 200 {"pragma":"no-cache","cache-control":"no-cache, no-store, max-age=0, must-revalidate","date":"Thu, 25 Nov 2021 04:41:13 GMT","expires":"Mon, 01 Jan 1990 00:00:00 GMT","content-type":"application/json; charset=utf-8","vary":"X-Origin, Referer, Origin,Accept-Encoding","server":"scaffolding on HTTPServer2","x-xss-protection":"0","x-frame-options":"SAMEORIGIN","x-content-type-options":"nosniff","alt-svc":"h3=\":443\"; ma=2592000,h3-29=\":443\"; ma=2592000,h3-Q050=\":443\"; ma=2592000,h3-Q046=\":443\"; ma=2592000,h3-Q043=\":443\"; ma=2592000,quic=\":443\"; ma=2592000; v=\"46,43\"","accept-ranges":"none","transfer-encoding":"chunked"}
[debug] [2021-11-25T04:41:13.722Z] >>> HTTP REQUEST POST https://firebasedatabase.googleapis.com/v1beta/projects/keeper-app-298b4/locations/us-central1/instances?databaseId=keeper-app-298b4-default-rtdb&validateOnly=true  
 {"type":"default_database"}
[debug] [2021-11-25T04:41:14.025Z] <<< HTTP RESPONSE 200 {"content-type":"application/json; charset=UTF-8","vary":"X-Origin, Referer, Origin,Accept-Encoding","date":"Thu, 25 Nov 2021 04:41:13 GMT","server":"ESF","cache-control":"private","x-xss-protection":"0","x-frame-options":"SAMEORIGIN","x-content-type-options":"nosniff","alt-svc":"h3=\":443\"; ma=2592000,h3-29=\":443\"; ma=2592000,h3-Q050=\":443\"; ma=2592000,h3-Q046=\":443\"; ma=2592000,h3-Q043=\":443\"; ma=2592000,quic=\":443\"; ma=2592000; v=\"46,43\"","accept-ranges":"none","transfer-encoding":"chunked"}
[debug] [2021-11-25T04:41:14.029Z] >>> HTTP REQUEST POST https://firebasedatabase.googleapis.com/v1beta/projects/keeper-app-298b4/locations/us-central1/instances?databaseId=keeper-app-298b4-default-rtdb  
 {"type":"default_database"}
[debug] [2021-11-25T04:41:14.630Z] <<< HTTP RESPONSE 200 {"content-type":"application/json; charset=UTF-8","vary":"X-Origin, Referer, Origin,Accept-Encoding","date":"Thu, 25 Nov 2021 04:41:14 GMT","server":"ESF","cache-control":"private","x-xss-protection":"0","x-frame-options":"SAMEORIGIN","x-content-type-options":"nosniff","alt-svc":"h3=\":443\"; ma=2592000,h3-29=\":443\"; ma=2592000,h3-Q050=\":443\"; ma=2592000,h3-Q046=\":443\"; ma=2592000,h3-Q043=\":443\"; ma=2592000,quic=\":443\"; ma=2592000; v=\"46,43\"","accept-ranges":"none","transfer-encoding":"chunked"}
[info] 
[info] Firebase Realtime Database Security Rules allow you to define how your data should be
[info] structured and when your data can be read from and written to.
[info] 
[debug] [2021-11-25T04:41:19.860Z] >>> HTTP REQUEST GET https://keeper-app-298b4-default-rtdb.firebaseio.com/.settings/rules.json  
 
[debug] [2021-11-25T04:41:20.335Z] <<< HTTP RESPONSE 200 {"server":"nginx","date":"Thu, 25 Nov 2021 04:41:20 GMT","content-type":"application/json; charset=utf-8","content-length":"161","connection":"keep-alive","access-control-allow-origin":"*","cache-control":"no-cache","strict-transport-security":"max-age=31556926; includeSubDomains; preload"}
[info] ✔  Database Rules for keeper-app-298b4-default-rtdb have been written to database.rules.json. 
[info] Future modifications to database.rules.json will update Realtime Database Security Rules when you run
[info] firebase deploy.
[info] 
=== Hosting Setup
[info] 
[info] Your public directory is the folder (relative to your project directory) that
[info] will contain Hosting assets to be uploaded with firebase deploy. If you
[info] have a build process for your assets, use your build's output directory.
[info] 
[info] ✔  Wrote public/404.html 
[debug] [2021-11-25T04:41:40.590Z] >>> [apiv2][query] GET https://www.gstatic.com/firebasejs/releases.json [none]
[debug] [2021-11-25T04:41:40.711Z] <<< [apiv2][status] GET https://www.gstatic.com/firebasejs/releases.json 200
[debug] [2021-11-25T04:41:40.712Z] <<< [apiv2][body] GET https://www.gstatic.com/firebasejs/releases.json {"current":{"version":"9.5.0","browserURL":"https://www.gstatic.com/firebasejs/9.5.0/firebase.js","packageURL":"https://www.gstatic.com/firebasejs/9.5.0/firebase.tgz"},"live":{"version":"9.5","browserURL":"https://www.gstatic.com/firebasejs/live/9.5/firebase.js","packageURL":"https://www.gstatic.com/firebasejs/live/9.5/firebase.tgz"},"components":{"analytics":"https://www.gstatic.com/firebasejs/9.5.0/firebase-analytics.js","app":"https://www.gstatic.com/firebasejs/9.5.0/firebase-app.js","app-check":"https://www.gstatic.com/firebasejs/9.5.0/firebase-app-check.js","auth":"https://www.gstatic.com/firebasejs/9.5.0/firebase-auth.js","auth/cordova":"https://www.gstatic.com/firebasejs/9.5.0/firebase-auth/cordova.js","auth/react-native":"https://www.gstatic.com/firebasejs/9.5.0/firebase-auth/react-native.js","functions":"https://www.gstatic.com/firebasejs/9.5.0/firebase-functions.js","firestore":"https://www.gstatic.com/firebasejs/9.5.0/firebase-firestore.js","firestore/lite":"https://www.gstatic.com/firebasejs/9.5.0/firebase-firestore/lite.js","storage":"https://www.gstatic.com/firebasejs/9.5.0/firebase-storage.js","performance":"https://www.gstatic.com/firebasejs/9.5.0/firebase-performance.js","remote-config":"https://www.gstatic.com/firebasejs/9.5.0/firebase-remote-config.js","messaging":"https://www.gstatic.com/firebasejs/9.5.0/firebase-messaging.js","messaging/sw":"https://www.gstatic.com/firebasejs/9.5.0/firebase-messaging/sw.js","database":"https://www.gstatic.com/firebasejs/9.5.0/firebase-database.js","firestore.memory":"https://www.gstatic.com/firebasejs/9.5.0/firebase-firestore.memory.js"}}
[info] ✔  Wrote public/index.html 
[info] 
[info] i  Detected a .git folder at /home/tgodkev/keeper-app 
[info] i  Authorizing with GitHub to upload your service account to a GitHub repository's secrets store. 
[info] 
[info] Visit this URL on this device to log in:
[info] https://github.com/login/oauth/authorize?client_id=89cf50f02ac6aaed3484&state=971700027&redirect_uri=http%3A%2F%2Flocalhost%3A9005&scope=read%3Auser%20repo%20public_repo
[info] 
[info] Waiting for authentication...
[debug] [2021-11-25T04:41:51.751Z] >>> HTTP REQUEST POST https://github.com/login/oauth/access_token  
 {"client_id":"89cf50f02ac6aaed3484","client_secret":"3330d14abc895d9a74d5f17cd7a00711fa2c5bf0","code":"b199ae23bffc7f762125","redirect_uri":"http://localhost:9005","state":"971700027"}
[debug] [2021-11-25T04:41:52.030Z] <<< HTTP RESPONSE 200 {"server":"GitHub.com","date":"Thu, 25 Nov 2021 04:41:51 GMT","content-type":"application/json; charset=utf-8","transfer-encoding":"chunked","vary":"X-PJAX, X-PJAX-Container, Accept-Encoding, Accept, X-Requested-With","permissions-policy":"interest-cohort=()","etag":"W/\"f5c2d358b55ced4906b4f69c0bb1460d\"","cache-control":"max-age=0, private, must-revalidate","strict-transport-security":"max-age=31536000; includeSubdomains; preload","x-frame-options":"deny","x-content-type-options":"nosniff","x-xss-protection":"0","referrer-policy":"origin-when-cross-origin, strict-origin-when-cross-origin","expect-ct":"max-age=2592000, report-uri=\"https://api.github.com/_private/browser/errors\"","content-security-policy":"default-src 'none'; base-uri 'self'; block-all-mixed-content; child-src github.com/assets-cdn/worker/ gist.github.com/assets-cdn/worker/; connect-src 'self' uploads.github.com objects-origin.githubusercontent.com www.githubstatus.com collector.githubapp.com api.github.com github-cloud.s3.amazonaws.com github-production-repository-file-5c1aeb.s3.amazonaws.com github-production-upload-manifest-file-7fdce7.s3.amazonaws.com github-production-user-asset-6210df.s3.amazonaws.com cdn.optimizely.com logx.optimizely.com/v1/events translator.github.com wss://alive.github.com; font-src github.githubassets.com; form-action 'self' github.com gist.github.com objects-origin.githubusercontent.com; frame-ancestors 'none'; frame-src render.githubusercontent.com viewscreen.githubusercontent.com notebooks.githubusercontent.com; img-src 'self' data: github.githubassets.com identicons.github.com collector.githubapp.com github-cloud.s3.amazonaws.com secured-user-images.githubusercontent.com/ *.githubusercontent.com; manifest-src 'self'; media-src github.com user-images.githubusercontent.com/; script-src github.githubassets.com; style-src 'unsafe-inline' github.githubassets.com; worker-src github.com/assets-cdn/worker/ gist.github.com/assets-cdn/worker/","x-github-request-id":"DC48:211A:885391:E65418:619F140F"}
[debug] [2021-11-25T04:41:52.038Z] >>> [apiv2][query] GET https://api.github.com/user [none]
[debug] [2021-11-25T04:41:52.243Z] <<< [apiv2][status] GET https://api.github.com/user 200
[debug] [2021-11-25T04:41:52.244Z] <<< [apiv2][body] GET https://api.github.com/user {"login":"tgodkev","id":50965376,"node_id":"MDQ6VXNlcjUwOTY1Mzc2","avatar_url":"https://avatars.githubusercontent.com/u/50965376?v=4","gravatar_id":"","url":"https://api.github.com/users/tgodkev","html_url":"https://github.com/tgodkev","followers_url":"https://api.github.com/users/tgodkev/followers","following_url":"https://api.github.com/users/tgodkev/following{/other_user}","gists_url":"https://api.github.com/users/tgodkev/gists{/gist_id}","starred_url":"https://api.github.com/users/tgodkev/starred{/owner}{/repo}","subscriptions_url":"https://api.github.com/users/tgodkev/subscriptions","organizations_url":"https://api.github.com/users/tgodkev/orgs","repos_url":"https://api.github.com/users/tgodkev/repos","events_url":"https://api.github.com/users/tgodkev/events{/privacy}","received_events_url":"https://api.github.com/users/tgodkev/received_events","type":"User","site_admin":false,"name":"Kevin","company":null,"blog":"","location":"Ohio.","email":null,"hireable":true,"bio":"Working towards becoming a full stack web developer.","twitter_username":null,"public_repos":17,"public_gists":0,"followers":0,"following":0,"created_at":"2019-05-23T18:40:33Z","updated_at":"2021-11-04T06:58:16Z","private_gists":0,"total_private_repos":1,"owned_private_repos":1,"disk_usage":85777,"collaborators":0,"two_factor_authentication":false,"plan":{"name":"free","space":976562499,"collaborators":0,"private_repos":10000}}
[info] 
[info] ✔  Success! Logged into GitHub as tgodkev 
[info] 
[debug] [2021-11-25T04:41:59.723Z] >>> [apiv2][query] GET https://api.github.com/repos//actions/secrets/public-key type=owner
[debug] [2021-11-25T04:41:59.896Z] <<< [apiv2][status] GET https://api.github.com/repos//actions/secrets/public-key 404
[debug] [2021-11-25T04:41:59.896Z] <<< [apiv2][body] GET https://api.github.com/repos//actions/secrets/public-key {"message":"Not Found","documentation_url":"https://docs.github.com/rest"}
